#
# There is insufficient memory for the Java Runtime Environment to continue.
# Native memory allocation (mmap) failed to map 532676608 bytes for G1 virtual space
# Possible reasons:
#   The system is out of physical RAM or swap space
#   The process is running with CompressedOops enabled, and the Java Heap may be blocking the growth of the native heap
# Possible solutions:
#   Reduce memory load on the system
#   Increase physical memory or swap space
#   Check if swap backing store is full
#   Decrease Java heap size (-Xmx/-Xms)
#   Decrease number of Java threads
#   Decrease Java thread stack sizes (-Xss)
#   Set larger code cache with -XX:ReservedCodeCacheSize=
#   JVM is running with Zero Based Compressed Oops mode in which the Java heap is
#     placed in the first 32GB address space. The Java Heap base address is the
#     maximum limit for the native heap growth. Please use -XX:HeapBaseMinAddress
#     to set the Java Heap base and to place the Java Heap above 32GB virtual address.
# This output file may be truncated or incomplete.
#
#  Out of Memory Error (os_windows.cpp:3613), pid=10668, tid=45168
#
# JRE version:  (17.0.9+9) (build )
# Java VM: OpenJDK 64-Bit Server VM (17.0.9+9, mixed mode, sharing, tiered, compressed oops, compressed class ptrs, g1 gc, windows-amd64)
# No core dump will be written. Minidumps are not enabled by default on client versions of Windows
#

---------------  S U M M A R Y ------------

Command Line: 

Host: 11th Gen Intel(R) Core(TM) i7-11800H @ 2.30GHz, 16 cores, 31G,  Windows 10 , 64 bit Build 19041 (10.0.19041.5915)
Time: Sat Sep  6 08:53:00 2025 Central European Daylight Time elapsed time: 0.014502 seconds (0d 0h 0m 0s)

---------------  T H R E A D  ---------------

Current thread (0x0000023632372300):  JavaThread "Unknown thread" [_thread_in_vm, id=45168, stack(0x000000627e600000,0x000000627e700000)]

Stack: [0x000000627e600000,0x000000627e700000]
Native frames: (J=compiled Java code, j=interpreted, Vv=VM code, C=native code)
V  [jvm.dll+0x67cf49]
V  [jvm.dll+0x83478a]
V  [jvm.dll+0x83624e]
V  [jvm.dll+0x8368b3]
V  [jvm.dll+0x247f1f]
V  [jvm.dll+0x679d69]
V  [jvm.dll+0x66e6ba]
V  [jvm.dll+0x307e5b]
V  [jvm.dll+0x30f306]
V  [jvm.dll+0x35f0ce]
V  [jvm.dll+0x35f2ff]
V  [jvm.dll+0x2dea58]
V  [jvm.dll+0x2df9c4]
V  [jvm.dll+0x806031]
V  [jvm.dll+0x36cf31]
V  [jvm.dll+0x7e4aac]
V  [jvm.dll+0x3f07af]
V  [jvm.dll+0x3f23e1]
C  [jli.dll+0x528f]
C  [ucrtbase.dll+0x21bb2]
C  [KERNEL32.DLL+0x17374]
C  [ntdll.dll+0x4cc91]


---------------  P R O C E S S  ---------------

Threads class SMR info:
_java_thread_list=0x00007ff800b2ee98, length=0, elements={
}

Java Threads: ( => current thread )

Other Threads:
  0x000002363241cf80 GCTaskThread "GC Thread#0" [stack: 0x000000627e700000,0x000000627e800000] [id=9780]
  0x000002363242dc90 ConcurrentGCThread "G1 Main Marker" [stack: 0x000000627e800000,0x000000627e900000] [id=54472]
  0x000002363242e6b0 ConcurrentGCThread "G1 Conc#0" [stack: 0x000000627e900000,0x000000627ea00000] [id=53544]

[error occurred during error reporting (printing all threads), id 0xc0000005, EXCEPTION_ACCESS_VIOLATION (0xc0000005) at pc=0x00007ff8002ef497]

VM state: not at safepoint (not fully initialized)

VM Mutex/Monitor currently owned by a thread:  ([mutex/lock_event])
[0x000002363236eb80] Heap_lock - owner thread: 0x0000023632372300

Heap address: 0x0000000604800000, size: 8120 MB, Compressed Oops mode: Zero based, Oop shift amount: 3

CDS archive(s) mapped at: [0x0000000000000000-0x0000000000000000-0x0000000000000000), size 0, SharedBaseAddress: 0x0000000800000000, ArchiveRelocationMode: 1.
Narrow klass base: 0x0000000000000000, Narrow klass shift: 0, Narrow klass range: 0x0

GC Precious Log:
<Empty>

Heap:
 garbage-first heap   total 0K, used 0K [0x0000000604800000, 0x0000000800000000)
  region size 4096K, 0 young (0K), 0 survivors (0K)

[error occurred during error reporting (printing heap information), id 0xc0000005, EXCEPTION_ACCESS_VIOLATION (0xc0000005) at pc=0x00007ff8006d6c79]

GC Heap History (0 events):
No events

Dll operation events (1 events):
Event: 0.009 Loaded shared library D:\Unity\6000.2.1f1\Editor\Data\PlaybackEngines\AndroidPlayer\OpenJDK\bin\java.dll

Deoptimization events (0 events):
No events

Classes unloaded (0 events):
No events

Classes redefined (0 events):
No events

Internal exceptions (0 events):
No events

VM Operations (0 events):
No events

Events (0 events):
No events


Dynamic libraries:
0x00007ff74ffa0000 - 0x00007ff74ffae000 	D:\Unity\6000.2.1f1\Editor\Data\PlaybackEngines\AndroidPlayer\OpenJDK\bin\java.exe
0x00007ff8eb110000 - 0x00007ff8eb308000 	C:\Windows\SYSTEM32\ntdll.dll
0x00007ff8e9590000 - 0x00007ff8e9652000 	C:\Windows\System32\KERNEL32.DLL
0x00007ff8e8b40000 - 0x00007ff8e8e37000 	C:\Windows\System32\KERNELBASE.dll
0x00007ff8e8e40000 - 0x00007ff8e8f40000 	C:\Windows\System32\ucrtbase.dll
0x00007ff8ac8c0000 - 0x00007ff8ac8d7000 	D:\Unity\6000.2.1f1\Editor\Data\PlaybackEngines\AndroidPlayer\OpenJDK\bin\jli.dll
0x00007ff8eaae0000 - 0x00007ff8eac7d000 	C:\Windows\System32\USER32.dll
0x00007ff8e8b10000 - 0x00007ff8e8b32000 	C:\Windows\System32\win32u.dll
0x00007ff8eac80000 - 0x00007ff8eacab000 	C:\Windows\System32\GDI32.dll
0x00007ff8e8820000 - 0x00007ff8e8939000 	C:\Windows\System32\gdi32full.dll
0x00007ff8a3150000 - 0x00007ff8a316b000 	D:\Unity\6000.2.1f1\Editor\Data\PlaybackEngines\AndroidPlayer\OpenJDK\bin\VCRUNTIME140.dll
0x00007ff8e8a40000 - 0x00007ff8e8add000 	C:\Windows\System32\msvcp_win.dll
0x00007ff8d1370000 - 0x00007ff8d160a000 	C:\Windows\WinSxS\amd64_microsoft.windows.common-controls_6595b64144ccf1df_6.0.19041.5915_none_60b4b9d171f9c7c7\COMCTL32.dll
0x00007ff8e94f0000 - 0x00007ff8e958e000 	C:\Windows\System32\msvcrt.dll
0x00007ff8e94c0000 - 0x00007ff8e94ef000 	C:\Windows\System32\IMM32.DLL
0x00007ff8bc860000 - 0x00007ff8bc86c000 	D:\Unity\6000.2.1f1\Editor\Data\PlaybackEngines\AndroidPlayer\OpenJDK\bin\vcruntime140_1.dll
0x00007ff8986c0000 - 0x00007ff89874d000 	D:\Unity\6000.2.1f1\Editor\Data\PlaybackEngines\AndroidPlayer\OpenJDK\bin\msvcp140.dll
0x00007ff800000000 - 0x00007ff800c61000 	D:\Unity\6000.2.1f1\Editor\Data\PlaybackEngines\AndroidPlayer\OpenJDK\bin\server\jvm.dll
0x00007ff8e9f90000 - 0x00007ff8ea041000 	C:\Windows\System32\ADVAPI32.dll
0x00007ff8ea5b0000 - 0x00007ff8ea64f000 	C:\Windows\System32\sechost.dll
0x00007ff8ea3b0000 - 0x00007ff8ea4d6000 	C:\Windows\System32\RPCRT4.dll
0x00007ff8e8ae0000 - 0x00007ff8e8b07000 	C:\Windows\System32\bcrypt.dll
0x00007ff8e7d30000 - 0x00007ff8e7d7b000 	C:\Windows\SYSTEM32\POWRPROF.dll
0x00007ff8ad030000 - 0x00007ff8ad039000 	C:\Windows\SYSTEM32\WSOCK32.dll
0x00007ff8ea540000 - 0x00007ff8ea5ab000 	C:\Windows\System32\WS2_32.dll
0x00007ff8db700000 - 0x00007ff8db727000 	C:\Windows\SYSTEM32\WINMM.dll
0x00007ff8e01c0000 - 0x00007ff8e01ca000 	C:\Windows\SYSTEM32\VERSION.dll
0x00007ff8e7ba0000 - 0x00007ff8e7bb2000 	C:\Windows\SYSTEM32\UMPDC.dll
0x00007ff8e6cf0000 - 0x00007ff8e6d02000 	C:\Windows\SYSTEM32\kernel.appcore.dll
0x00007ff8bc430000 - 0x00007ff8bc43a000 	D:\Unity\6000.2.1f1\Editor\Data\PlaybackEngines\AndroidPlayer\OpenJDK\bin\jimage.dll
0x00007ff8e6050000 - 0x00007ff8e6251000 	C:\Windows\SYSTEM32\DBGHELP.DLL
0x00007ff8dcd50000 - 0x00007ff8dcd84000 	C:\Windows\SYSTEM32\dbgcore.DLL
0x00007ff8e90a0000 - 0x00007ff8e9122000 	C:\Windows\System32\bcryptPrimitives.dll
0x00007ff89f290000 - 0x00007ff89f2b5000 	D:\Unity\6000.2.1f1\Editor\Data\PlaybackEngines\AndroidPlayer\OpenJDK\bin\java.dll

dbghelp: loaded successfully - version: 4.0.5 - missing functions: none
symbol engine: initialized successfully - sym options: 0x614 - pdb path: .;D:\Unity\6000.2.1f1\Editor\Data\PlaybackEngines\AndroidPlayer\OpenJDK\bin;C:\Windows\SYSTEM32;C:\Windows\WinSxS\amd64_microsoft.windows.common-controls_6595b64144ccf1df_6.0.19041.5915_none_60b4b9d171f9c7c7;D:\Unity\6000.2.1f1\Editor\Data\PlaybackEngines\AndroidPlayer\OpenJDK\bin\server

VM Arguments:
java_command: <unknown>
java_class_path (initial): <not set>
Launcher Type: SUN_STANDARD

[Global flags]
     intx CICompilerCount                          = 12                                        {product} {ergonomic}
     uint ConcGCThreads                            = 3                                         {product} {ergonomic}
     uint G1ConcRefinementThreads                  = 13                                        {product} {ergonomic}
   size_t G1HeapRegionSize                         = 4194304                                   {product} {ergonomic}
    uintx GCDrainStackTargetSize                   = 64                                        {product} {ergonomic}
   size_t InitialHeapSize                          = 532676608                                 {product} {ergonomic}
   size_t MarkStackSize                            = 4194304                                   {product} {ergonomic}
   size_t MaxHeapSize                              = 8514437120                                {product} {ergonomic}
   size_t MinHeapDeltaBytes                        = 4194304                                   {product} {ergonomic}
   size_t MinHeapSize                              = 8388608                                   {product} {ergonomic}
    uintx NonNMethodCodeHeapSize                   = 7602480                                {pd product} {ergonomic}
    uintx NonProfiledCodeHeapSize                  = 122027880                              {pd product} {ergonomic}
    uintx ProfiledCodeHeapSize                     = 122027880                              {pd product} {ergonomic}
    uintx ReservedCodeCacheSize                    = 251658240                              {pd product} {ergonomic}
     bool SegmentedCodeCache                       = true                                      {product} {ergonomic}
   size_t SoftMaxHeapSize                          = 8514437120                             {manageable} {ergonomic}
     bool UseCompressedClassPointers               = true                           {product lp64_product} {ergonomic}
     bool UseCompressedOops                        = true                           {product lp64_product} {ergonomic}
     bool UseG1GC                                  = true                                      {product} {ergonomic}
     bool UseLargePagesIndividualAllocation        = false                                  {pd product} {ergonomic}

Logging:
Log output configuration:
 #0: stdout all=warning uptime,level,tags
 #1: stderr all=off uptime,level,tags

Environment Variables:
JAVA_HOME=D:\Unity\6000.2.1f1\Editor\Data\PlaybackEngines\AndroidPlayer\OpenJDK
PATH=D:\server;D:\client;D:\Oculus\Support\oculus-runtime;C:\Windows\system32;C:\Windows;C:\Windows\System32\Wbem;C:\Windows\System32\WindowsPowerShell\v1.0\;C:\Windows\System32\OpenSSH\;C:\Program Files\dotnet\;C:\Program Files (x86)\Windows Kits\10\Windows Performance Toolkit\;C:\Program Files\nodejs\;C:\Program Files\Git\cmd;C:\Program Files\NVIDIA Corporation\NVIDIA App\NvDLISR;C:\Program Files (x86)\NVIDIA Corporation\PhysX\Common;C:\Users\dominika.rola\AppData\Local\Microsoft\WindowsApps;C:\Users\dominika.rola\.dotnet\tools;D:\Microsoft VS Code\bin;C:\Users\dominika.rola\AppData\Roaming\npm;C:\Users\dominika.rola\AppData\Local\Muse Hub\lib
USERNAME=dominika.rola
OS=Windows_NT
PROCESSOR_IDENTIFIER=Intel64 Family 6 Model 141 Stepping 1, GenuineIntel
TMP=C:\Users\DOMINI~1.ROL\AppData\Local\Temp
TEMP=C:\Users\DOMINI~1.ROL\AppData\Local\Temp



Periodic native trim disabled


---------------  S Y S T E M  ---------------

OS:
 Windows 10 , 64 bit Build 19041 (10.0.19041.5915)
OS uptime: 23 days 8:43 hours

CPU: total 16 (initial active 16) (8 cores per cpu, 2 threads per core) family 6 model 141 stepping 1 microcode 0x26, cx8, cmov, fxsr, ht, mmx, 3dnowpref, sse, sse2, sse3, ssse3, sse4.1, sse4.2, popcnt, lzcnt, tsc, tscinvbit, avx, avx2, aes, erms, clmul, bmi1, bmi2, adx, avx512f, avx512dq, avx512cd, avx512bw, avx512vl, sha, fma, vzeroupper, avx512_vpopcntdq, avx512_vpclmulqdq, avx512_vaes, avx512_vnni, clflush, clflushopt, clwb, avx512_vbmi2, avx512_vbmi
Processor Information for all 16 processors :
  Max Mhz: 2301, Current Mhz: 2301, Mhz Limit: 2301

Memory: 4k page, system-wide physical 32469M (2859M free)
TotalPageFile size 57919M (AvailPageFile size 365M)
current process WorkingSet (physical memory assigned to process): 10M, peak: 10M
current process commit charge ("private bytes"): 71M, peak: 579M

vm_info: OpenJDK 64-Bit Server VM (17.0.9+9) for windows-amd64 JRE (17.0.9+9), built on Oct 26 2023 14:01:42 by "admin" with MS VC++ 16.10 / 16.11 (VS2019)

END.
